<?xml version="1.0" encoding="UTF-8"?>
<testng-results ignored="0" total="1" passed="1" failed="0" skipped="0">
  <reporter-output>
  </reporter-output>
  <suite started-at="2022-09-08T16:08:58 IST" name="Demo Web App test suite" finished-at="2022-09-08T16:09:38 IST" duration-ms="39194">
    <groups>
    </groups>
    <test started-at="2022-09-08T16:08:58 IST" name="LoginTests" finished-at="2022-09-08T16:09:38 IST" duration-ms="39194">
      <class name="Tests.UserLoginTests">
        <test-method is-config="true" signature="LaunchApplication()[pri:0, instance:Tests.UserLoginTests@3646a422]" started-at="2022-09-08T16:08:59 IST" name="LaunchApplication" finished-at="2022-09-08T16:09:35 IST" duration-ms="36032" status="PASS">
          <reporter-output>
          </reporter-output>
        </test-method> <!-- LaunchApplication -->
        <test-method signature="ManagerLoginTest()[pri:0, instance:Tests.UserLoginTests@3646a422]" started-at="2022-09-08T16:09:35 IST" name="ManagerLoginTest" finished-at="2022-09-08T16:09:37 IST" duration-ms="2489" status="PASS">
          <reporter-output>
          </reporter-output>
        </test-method> <!-- ManagerLoginTest -->
        <test-method is-config="true" signature="tearDown()[pri:0, instance:Tests.UserLoginTests@3646a422]" started-at="2022-09-08T16:09:37 IST" name="tearDown" finished-at="2022-09-08T16:09:38 IST" duration-ms="339" status="PASS">
          <reporter-output>
          </reporter-output>
        </test-method> <!-- tearDown -->
      </class> <!-- Tests.UserLoginTests -->
    </test> <!-- LoginTests -->
  </suite> <!-- Demo Web App test suite -->
</testng-results>
